<?xml version="1.0" encoding="UTF-8"?>
<!-- Generated by org.testng.reporters.JUnitReportReporter -->
<testsuite hostname="DESKTOP-1SM6IMS" failures="0" tests="1" name="testCases.TC_002_Create_lead" time="22.296" errors="0" timestamp="2025-04-05T08:11:41 IST" skipped="0">
  <testcase classname="testCases.TC_002_Create_lead" name="createLead" time="22.296"/>
  <system-out/>
</testsuite> <!-- testCases.TC_002_Create_lead -->
