<?xml version="1.0" encoding="UTF-8"?>
<!-- Generated by org.testng.reporters.JUnitReportReporter -->
<testsuite hostname="LTIN499312" failures="0" tests="1" name="testCases.TC_001_Create_contact" time="19.415" errors="0" timestamp="2025-03-07T11:49:15 IST" skipped="0">
  <testcase classname="testCases.TC_001_Create_contact" name="createContact" time="19.415"/>
  <system-out/>
</testsuite> <!-- testCases.TC_001_Create_contact -->
