<?xml version="1.0" encoding="UTF-8"?>
<!-- Generated by org.testng.reporters.JUnitReportReporter -->
<testsuite hostname="DESKTOP-1SM6IMS" failures="0" tests="1" name="testCases.TC_003_Create_account" time="13.515" errors="0" timestamp="2025-04-05T08:11:41 IST" skipped="0">
  <testcase classname="testCases.TC_003_Create_account" name="createAccount" time="13.515"/>
  <system-out/>
</testsuite> <!-- testCases.TC_003_Create_account -->
